<?xml version="1.0" encoding="UTF-8"?>
<testng-results ignored="0" total="1" passed="1" failed="0" skipped="0">
  <reporter-output>
  </reporter-output>
  <suite started-at="2024-04-03T07:28:50 NPT" name="Default suite" finished-at="2024-04-03T07:28:59 NPT" duration-ms="8362">
    <groups>
    </groups>
    <test started-at="2024-04-03T07:28:50 NPT" name="Default test" finished-at="2024-04-03T07:28:59 NPT" duration-ms="8362">
      <class name="CRM.Alerts">
        <test-method signature="alertsend()[pri:0, instance:CRM.Alerts@bd4dc25]" started-at="2024-04-03T07:28:50 NPT" name="alertsend" finished-at="2024-04-03T07:28:59 NPT" duration-ms="8308" status="PASS">
          <reporter-output>
          </reporter-output>
        </test-method> <!-- alertsend -->
      </class> <!-- CRM.Alerts -->
    </test> <!-- Default test -->
  </suite> <!-- Default suite -->
</testng-results>
