<?xml version="1.0" encoding="UTF-8"?>
<testng-results ignored="0" total="2" passed="2" failed="0" skipped="0">
  <reporter-output>
  </reporter-output>
  <suite started-at="2024-04-05T16:29:32 NPT" name="Default suite" finished-at="2024-04-05T16:30:07 NPT" duration-ms="34814">
    <groups>
    </groups>
    <test started-at="2024-04-05T16:29:32 NPT" name="Default test" finished-at="2024-04-05T16:30:07 NPT" duration-ms="34814">
      <class name="testDaraz.Daraztest">
        <test-method signature="D_Login()[pri:0, instance:testDaraz.Daraztest@2a54a73f]" started-at="2024-04-05T16:29:32 NPT" name="D_Login" finished-at="2024-04-05T16:29:51 NPT" duration-ms="18949" status="PASS">
          <reporter-output>
          </reporter-output>
        </test-method> <!-- D_Login -->
        <test-method signature="Daraz_loading()[pri:0, instance:testDaraz.Daraztest@2a54a73f]" started-at="2024-04-05T16:29:51 NPT" name="Daraz_loading" finished-at="2024-04-05T16:30:07 NPT" duration-ms="15829" status="PASS">
          <reporter-output>
          </reporter-output>
        </test-method> <!-- Daraz_loading -->
      </class> <!-- testDaraz.Daraztest -->
    </test> <!-- Default test -->
  </suite> <!-- Default suite -->
</testng-results>
